<?xml version="1.0" encoding="UTF-8"?>
<testng-results ignored="0" total="1" passed="1" failed="0" skipped="0">
  <reporter-output>
  </reporter-output>
  <suite started-at="2021-12-03T15:20:21 IST" name="Suite" finished-at="2021-12-03T15:20:21 IST" duration-ms="108">
    <groups>
    </groups>
    <test started-at="2021-12-03T15:20:21 IST" name="Test" finished-at="2021-12-03T15:20:21 IST" duration-ms="108">
      <class name="TestClass">
        <test-method signature="ShowMessage()[pri:0, instance:TestClass@4f67eb2a]" started-at="2021-12-03T15:20:21 IST" name="ShowMessage" finished-at="2021-12-03T15:20:21 IST" duration-ms="20" status="PASS">
          <reporter-output>
          </reporter-output>
        </test-method> <!-- ShowMessage -->
      </class> <!-- TestClass -->
    </test> <!-- Test -->
  </suite> <!-- Suite -->
</testng-results>
